<?xml version="1.0" encoding="UTF-8"?>
<testng-results ignored="0" total="1" passed="1" failed="0" skipped="0">
  <reporter-output>
  </reporter-output>
  <suite started-at="2024-11-12T15:15:18 IST" name="Default suite" finished-at="2024-11-12T15:15:20 IST" duration-ms="1703">
    <groups>
    </groups>
    <test started-at="2024-11-12T15:15:18 IST" name="Default test" finished-at="2024-11-12T15:15:20 IST" duration-ms="1703">
      <class name="practiceResponseValidation.VerifyResponseBody">
        <test-method signature="verifyBody()[pri:0, instance:practiceResponseValidation.VerifyResponseBody@145f66e3]" started-at="2024-11-12T15:15:18 IST" name="verifyBody" finished-at="2024-11-12T15:15:20 IST" duration-ms="1664" status="PASS">
          <reporter-output>
          </reporter-output>
        </test-method> <!-- verifyBody -->
      </class> <!-- practiceResponseValidation.VerifyResponseBody -->
    </test> <!-- Default test -->
  </suite> <!-- Default suite -->
</testng-results>
